<?xml version="1.0" encoding="UTF-8"?>
<!-- Generated by org.testng.reporters.JUnitXMLReporter -->
<testsuite ignored="0" hostname="Alisha-PC" failures="0" tests="3" name="mike" time="15.614" errors="0" timestamp="2024-08-07T20:46:32 AEST">
  <testcase classname="com.diwakar15.selenium_docker.tests.vendorportal.VendorPortalTest" name="loginTest" time="2.137"/>
  <testcase classname="com.diwakar15.selenium_docker.tests.vendorportal.VendorPortalTest" name="dashboardPage" time="5.805"/>
  <testcase classname="com.diwakar15.selenium_docker.tests.vendorportal.VendorPortalTest" name="logoutPage" time="1.82"/>
</testsuite> <!-- mike -->
