<?xml version="1.0" encoding="UTF-8"?>
<!-- Generated by org.testng.reporters.JUnitXMLReporter -->
<testsuite ignored="0" hostname="Alisha-PC" failures="0" tests="3" name="mike" time="15.974" errors="0" timestamp="2024-08-26T12:18:36 AEST">
  <testcase classname="com.diwakar15.selenium_docker.tests.vendorportal.VendorPortalTest" name="loginTest" time="2.89"/>
  <testcase classname="com.diwakar15.selenium_docker.tests.vendorportal.VendorPortalTest" name="dashboardPage" time="2.619"/>
  <testcase classname="com.diwakar15.selenium_docker.tests.vendorportal.VendorPortalTest" name="logoutPage" time="1.628"/>
</testsuite> <!-- mike -->
