<?xml version="1.0" encoding="UTF-8"?>
<!-- Generated by org.testng.reporters.JUnitXMLReporter -->
<testsuite ignored="0" hostname="Alisha-PC" failures="0" tests="3" name="user-john" time="33.94" errors="0" timestamp="2024-08-19T21:55:55 AEST">
  <testcase classname="com.diwakar15.selenium_docker.tests.vendorportal.VendorPortalTest" name="loginTest" time="2.962"/>
  <testcase classname="com.diwakar15.selenium_docker.tests.vendorportal.VendorPortalTest" name="dashboardPage" time="0.908"/>
  <testcase classname="com.diwakar15.selenium_docker.tests.vendorportal.VendorPortalTest" name="logoutPage" time="2.692"/>
</testsuite> <!-- user-john -->
