<?xml version="1.0" encoding="UTF-8"?>
<!-- Generated by org.testng.reporters.JUnitXMLReporter -->
<testsuite ignored="0" hostname="Alisha-PC" failures="0" tests="3" name="user-john" time="9.702" errors="0" timestamp="2024-08-06T17:50:45 AEST">
  <testcase classname="com.diwakar15.selenium_docker.tests.vendorportal.VendorPortalTest" name="loginTest" time="1.005"/>
  <testcase classname="com.diwakar15.selenium_docker.tests.vendorportal.VendorPortalTest" name="dashboardPage" time="6.315"/>
  <testcase classname="com.diwakar15.selenium_docker.tests.vendorportal.VendorPortalTest" name="logoutPage" time="1.103"/>
</testsuite> <!-- user-john -->
