<?xml version="1.0" encoding="UTF-8"?>
<testng-results ignored="0" total="9" passed="9" failed="0" skipped="0">
  <reporter-output>
  </reporter-output>
  <suite started-at="2024-09-23T12:47:31 GMT" name="vendor-portal" finished-at="2024-09-23T12:48:51 GMT" duration-ms="80767">
    <groups>
    </groups>
    <test started-at="2024-09-23T12:47:31 GMT" name="mike" finished-at="2024-09-23T12:48:51 GMT" duration-ms="80738">
      <class name="com.diwakar15.selenium_docker.tests.vendorportal.VendorPortalTest">
        <test-method is-config="true" signature="setDriver(org.testng.ITestContext)[pri:0, instance:com.diwakar15.selenium_docker.tests.vendorportal.VendorPortalTest@518caac3]" started-at="2024-09-23T12:47:31 GMT" name="setDriver" finished-at="2024-09-23T12:48:09 GMT" duration-ms="38340" status="PASS">
          <params>
            <param index="0">
              <value>
                <![CDATA[org.testng.TestRunner@7e5c856f]]>
              </value>
            </param>
          </params>
          <reporter-output>
          </reporter-output>
        </test-method> <!-- setDriver -->
        <test-method is-config="true" signature="setPageObjects(java.lang.String)[pri:0, instance:com.diwakar15.selenium_docker.tests.vendorportal.VendorPortalTest@518caac3]" started-at="2024-09-23T12:48:09 GMT" name="setPageObjects" finished-at="2024-09-23T12:48:13 GMT" depends-on-methods="com.diwakar15.selenium_docker.tests.AbstractTest.setDriver" duration-ms="4050" status="PASS">
          <params>
            <param index="0">
              <value>
                <![CDATA[test-data/vendor-portal/mike.json]]>
              </value>
            </param>
          </params>
          <reporter-output>
          </reporter-output>
        </test-method> <!-- setPageObjects -->
        <test-method signature="loginTest()[pri:0, instance:com.diwakar15.selenium_docker.tests.vendorportal.VendorPortalTest@518caac3]" started-at="2024-09-23T12:48:13 GMT" name="loginTest" finished-at="2024-09-23T12:48:30 GMT" duration-ms="17216" status="PASS">
          <reporter-output>
          </reporter-output>
        </test-method> <!-- loginTest -->
        <test-method signature="dashboardPage()[pri:0, instance:com.diwakar15.selenium_docker.tests.vendorportal.VendorPortalTest@518caac3]" started-at="2024-09-23T12:48:30 GMT" name="dashboardPage" finished-at="2024-09-23T12:48:40 GMT" depends-on-methods="com.diwakar15.selenium_docker.tests.vendorportal.VendorPortalTest.loginTest" duration-ms="9418" status="PASS">
          <reporter-output>
          </reporter-output>
        </test-method> <!-- dashboardPage -->
        <test-method signature="logoutPage()[pri:0, instance:com.diwakar15.selenium_docker.tests.vendorportal.VendorPortalTest@518caac3]" started-at="2024-09-23T12:48:40 GMT" name="logoutPage" finished-at="2024-09-23T12:48:49 GMT" depends-on-methods="com.diwakar15.selenium_docker.tests.vendorportal.VendorPortalTest.dashboardPage" duration-ms="9401" status="PASS">
          <reporter-output>
          </reporter-output>
        </test-method> <!-- logoutPage -->
        <test-method is-config="true" signature="quitDriver()[pri:0, instance:com.diwakar15.selenium_docker.tests.vendorportal.VendorPortalTest@518caac3]" started-at="2024-09-23T12:48:49 GMT" name="quitDriver" finished-at="2024-09-23T12:48:51 GMT" duration-ms="1967" status="PASS">
          <reporter-output>
          </reporter-output>
        </test-method> <!-- quitDriver -->
      </class> <!-- com.diwakar15.selenium_docker.tests.vendorportal.VendorPortalTest -->
    </test> <!-- mike -->
    <test started-at="2024-09-23T12:47:31 GMT" name="user-john" finished-at="2024-09-23T12:48:51 GMT" duration-ms="80750">
      <class name="com.diwakar15.selenium_docker.tests.vendorportal.VendorPortalTest">
        <test-method is-config="true" signature="setupConfig()[pri:0, instance:com.diwakar15.selenium_docker.tests.vendorportal.VendorPortalTest@4f74980d]" started-at="2024-09-23T12:47:30 GMT" name="setupConfig" finished-at="2024-09-23T12:47:30 GMT" duration-ms="95" status="PASS">
          <reporter-output>
          </reporter-output>
        </test-method> <!-- setupConfig -->
        <test-method is-config="true" signature="setDriver(org.testng.ITestContext)[pri:0, instance:com.diwakar15.selenium_docker.tests.vendorportal.VendorPortalTest@4f74980d]" started-at="2024-09-23T12:47:31 GMT" name="setDriver" finished-at="2024-09-23T12:48:09 GMT" duration-ms="38319" status="PASS">
          <params>
            <param index="0">
              <value>
                <![CDATA[org.testng.TestRunner@413f69cc]]>
              </value>
            </param>
          </params>
          <reporter-output>
          </reporter-output>
        </test-method> <!-- setDriver -->
        <test-method is-config="true" signature="setPageObjects(java.lang.String)[pri:0, instance:com.diwakar15.selenium_docker.tests.vendorportal.VendorPortalTest@4f74980d]" started-at="2024-09-23T12:48:09 GMT" name="setPageObjects" finished-at="2024-09-23T12:48:13 GMT" depends-on-methods="com.diwakar15.selenium_docker.tests.AbstractTest.setDriver" duration-ms="4059" status="PASS">
          <params>
            <param index="0">
              <value>
                <![CDATA[test-data/vendor-portal/john.json]]>
              </value>
            </param>
          </params>
          <reporter-output>
          </reporter-output>
        </test-method> <!-- setPageObjects -->
        <test-method signature="loginTest()[pri:0, instance:com.diwakar15.selenium_docker.tests.vendorportal.VendorPortalTest@4f74980d]" started-at="2024-09-23T12:48:13 GMT" name="loginTest" finished-at="2024-09-23T12:48:30 GMT" duration-ms="17011" status="PASS">
          <reporter-output>
          </reporter-output>
        </test-method> <!-- loginTest -->
        <test-method signature="dashboardPage()[pri:0, instance:com.diwakar15.selenium_docker.tests.vendorportal.VendorPortalTest@4f74980d]" started-at="2024-09-23T12:48:30 GMT" name="dashboardPage" finished-at="2024-09-23T12:48:40 GMT" depends-on-methods="com.diwakar15.selenium_docker.tests.vendorportal.VendorPortalTest.loginTest" duration-ms="9767" status="PASS">
          <reporter-output>
          </reporter-output>
        </test-method> <!-- dashboardPage -->
        <test-method signature="logoutPage()[pri:0, instance:com.diwakar15.selenium_docker.tests.vendorportal.VendorPortalTest@4f74980d]" started-at="2024-09-23T12:48:40 GMT" name="logoutPage" finished-at="2024-09-23T12:48:50 GMT" depends-on-methods="com.diwakar15.selenium_docker.tests.vendorportal.VendorPortalTest.dashboardPage" duration-ms="9778" status="PASS">
          <reporter-output>
          </reporter-output>
        </test-method> <!-- logoutPage -->
        <test-method is-config="true" signature="quitDriver()[pri:0, instance:com.diwakar15.selenium_docker.tests.vendorportal.VendorPortalTest@4f74980d]" started-at="2024-09-23T12:48:50 GMT" name="quitDriver" finished-at="2024-09-23T12:48:51 GMT" duration-ms="1457" status="PASS">
          <reporter-output>
          </reporter-output>
        </test-method> <!-- quitDriver -->
      </class> <!-- com.diwakar15.selenium_docker.tests.vendorportal.VendorPortalTest -->
    </test> <!-- user-john -->
    <test started-at="2024-09-23T12:47:31 GMT" name="user-sam" finished-at="2024-09-23T12:48:51 GMT" duration-ms="80767">
      <class name="com.diwakar15.selenium_docker.tests.vendorportal.VendorPortalTest">
        <test-method is-config="true" signature="setDriver(org.testng.ITestContext)[pri:0, instance:com.diwakar15.selenium_docker.tests.vendorportal.VendorPortalTest@11d8ae8b]" started-at="2024-09-23T12:47:31 GMT" name="setDriver" finished-at="2024-09-23T12:48:09 GMT" duration-ms="38304" status="PASS">
          <params>
            <param index="0">
              <value>
                <![CDATA[org.testng.TestRunner@12d2ce03]]>
              </value>
            </param>
          </params>
          <reporter-output>
          </reporter-output>
        </test-method> <!-- setDriver -->
        <test-method is-config="true" signature="setPageObjects(java.lang.String)[pri:0, instance:com.diwakar15.selenium_docker.tests.vendorportal.VendorPortalTest@11d8ae8b]" started-at="2024-09-23T12:48:09 GMT" name="setPageObjects" finished-at="2024-09-23T12:48:13 GMT" depends-on-methods="com.diwakar15.selenium_docker.tests.AbstractTest.setDriver" duration-ms="4087" status="PASS">
          <params>
            <param index="0">
              <value>
                <![CDATA[test-data/vendor-portal/sam.json]]>
              </value>
            </param>
          </params>
          <reporter-output>
          </reporter-output>
        </test-method> <!-- setPageObjects -->
        <test-method signature="loginTest()[pri:0, instance:com.diwakar15.selenium_docker.tests.vendorportal.VendorPortalTest@11d8ae8b]" started-at="2024-09-23T12:48:13 GMT" name="loginTest" finished-at="2024-09-23T12:48:30 GMT" duration-ms="17031" status="PASS">
          <reporter-output>
          </reporter-output>
        </test-method> <!-- loginTest -->
        <test-method signature="dashboardPage()[pri:0, instance:com.diwakar15.selenium_docker.tests.vendorportal.VendorPortalTest@11d8ae8b]" started-at="2024-09-23T12:48:30 GMT" name="dashboardPage" finished-at="2024-09-23T12:48:40 GMT" depends-on-methods="com.diwakar15.selenium_docker.tests.vendorportal.VendorPortalTest.loginTest" duration-ms="10038" status="PASS">
          <reporter-output>
          </reporter-output>
        </test-method> <!-- dashboardPage -->
        <test-method signature="logoutPage()[pri:0, instance:com.diwakar15.selenium_docker.tests.vendorportal.VendorPortalTest@11d8ae8b]" started-at="2024-09-23T12:48:40 GMT" name="logoutPage" finished-at="2024-09-23T12:48:49 GMT" depends-on-methods="com.diwakar15.selenium_docker.tests.vendorportal.VendorPortalTest.dashboardPage" duration-ms="9003" status="PASS">
          <reporter-output>
          </reporter-output>
        </test-method> <!-- logoutPage -->
        <test-method is-config="true" signature="quitDriver()[pri:0, instance:com.diwakar15.selenium_docker.tests.vendorportal.VendorPortalTest@11d8ae8b]" started-at="2024-09-23T12:48:49 GMT" name="quitDriver" finished-at="2024-09-23T12:48:51 GMT" duration-ms="1995" status="PASS">
          <reporter-output>
          </reporter-output>
        </test-method> <!-- quitDriver -->
      </class> <!-- com.diwakar15.selenium_docker.tests.vendorportal.VendorPortalTest -->
    </test> <!-- user-sam -->
  </suite> <!-- vendor-portal -->
</testng-results>
