<?xml version="1.0" encoding="UTF-8"?>
<testng-results ignored="0" total="20" passed="20" failed="0" skipped="0">
  <reporter-output>
  </reporter-output>
  <suite started-at="2024-09-23T12:47:31 GMT" name="flight-reservation" finished-at="2024-09-23T12:49:15 GMT" duration-ms="104099">
    <groups>
    </groups>
    <test started-at="2024-09-23T12:47:31 GMT" name="passangers-count-4" finished-at="2024-09-23T12:49:13 GMT" duration-ms="102034">
      <class name="com.diwakar15.selenium_docker.tests.flightreservation.FlightReservationTest">
        <test-method is-config="true" signature="setupConfig()[pri:0, instance:com.diwakar15.selenium_docker.tests.flightreservation.FlightReservationTest@14fa86ae]" started-at="2024-09-23T12:47:30 GMT" name="setupConfig" finished-at="2024-09-23T12:47:31 GMT" duration-ms="73" status="PASS">
          <reporter-output>
          </reporter-output>
        </test-method> <!-- setupConfig -->
        <test-method is-config="true" signature="setDriver(org.testng.ITestContext)[pri:0, instance:com.diwakar15.selenium_docker.tests.flightreservation.FlightReservationTest@14fa86ae]" started-at="2024-09-23T12:47:31 GMT" name="setDriver" finished-at="2024-09-23T12:48:35 GMT" duration-ms="64835" status="PASS">
          <params>
            <param index="0">
              <value>
                <![CDATA[org.testng.TestRunner@4ff8d125]]>
              </value>
            </param>
          </params>
          <reporter-output>
          </reporter-output>
        </test-method> <!-- setDriver -->
        <test-method is-config="true" signature="setParameters(java.lang.String)[pri:0, instance:com.diwakar15.selenium_docker.tests.flightreservation.FlightReservationTest@14fa86ae]" started-at="2024-09-23T12:48:36 GMT" name="setParameters" finished-at="2024-09-23T12:48:37 GMT" depends-on-methods="com.diwakar15.selenium_docker.tests.AbstractTest.setDriver" duration-ms="1440" status="PASS">
          <params>
            <param index="0">
              <value>
                <![CDATA[test-data/flight-reservation/passanger-4.json]]>
              </value>
            </param>
          </params>
          <reporter-output>
          </reporter-output>
        </test-method> <!-- setParameters -->
        <test-method signature="userRegistrationTest()[pri:0, instance:com.diwakar15.selenium_docker.tests.flightreservation.FlightReservationTest@14fa86ae]" started-at="2024-09-23T12:48:37 GMT" name="userRegistrationTest" finished-at="2024-09-23T12:49:00 GMT" duration-ms="22950" status="PASS">
          <reporter-output>
          </reporter-output>
        </test-method> <!-- userRegistrationTest -->
        <test-method signature="registrationConfirmationTest()[pri:0, instance:com.diwakar15.selenium_docker.tests.flightreservation.FlightReservationTest@14fa86ae]" started-at="2024-09-23T12:49:00 GMT" name="registrationConfirmationTest" finished-at="2024-09-23T12:49:02 GMT" depends-on-methods="com.diwakar15.selenium_docker.tests.flightreservation.FlightReservationTest.userRegistrationTest" duration-ms="1792" status="PASS">
          <reporter-output>
          </reporter-output>
        </test-method> <!-- registrationConfirmationTest -->
        <test-method signature="flightSearchTest()[pri:0, instance:com.diwakar15.selenium_docker.tests.flightreservation.FlightReservationTest@14fa86ae]" started-at="2024-09-23T12:49:02 GMT" name="flightSearchTest" finished-at="2024-09-23T12:49:04 GMT" depends-on-methods="com.diwakar15.selenium_docker.tests.flightreservation.FlightReservationTest.registrationConfirmationTest" duration-ms="2370" status="PASS">
          <reporter-output>
          </reporter-output>
        </test-method> <!-- flightSearchTest -->
        <test-method signature="flightSelectionTest()[pri:0, instance:com.diwakar15.selenium_docker.tests.flightreservation.FlightReservationTest@14fa86ae]" started-at="2024-09-23T12:49:04 GMT" name="flightSelectionTest" finished-at="2024-09-23T12:49:07 GMT" depends-on-methods="com.diwakar15.selenium_docker.tests.flightreservation.FlightReservationTest.flightSearchTest" duration-ms="2597" status="PASS">
          <reporter-output>
          </reporter-output>
        </test-method> <!-- flightSelectionTest -->
        <test-method signature="flightReservationConfirmationTest()[pri:0, instance:com.diwakar15.selenium_docker.tests.flightreservation.FlightReservationTest@14fa86ae]" started-at="2024-09-23T12:49:07 GMT" name="flightReservationConfirmationTest" finished-at="2024-09-23T12:49:07 GMT" depends-on-methods="com.diwakar15.selenium_docker.tests.flightreservation.FlightReservationTest.flightSelectionTest" duration-ms="260" status="PASS">
          <reporter-output>
          </reporter-output>
        </test-method> <!-- flightReservationConfirmationTest -->
        <test-method is-config="true" signature="quitDriver()[pri:0, instance:com.diwakar15.selenium_docker.tests.flightreservation.FlightReservationTest@14fa86ae]" started-at="2024-09-23T12:49:07 GMT" name="quitDriver" finished-at="2024-09-23T12:49:13 GMT" duration-ms="5494" status="PASS">
          <reporter-output>
          </reporter-output>
        </test-method> <!-- quitDriver -->
      </class> <!-- com.diwakar15.selenium_docker.tests.flightreservation.FlightReservationTest -->
    </test> <!-- passangers-count-4 -->
    <test started-at="2024-09-23T12:47:31 GMT" name="passangers-count-2" finished-at="2024-09-23T12:49:14 GMT" duration-ms="103184">
      <class name="com.diwakar15.selenium_docker.tests.flightreservation.FlightReservationTest">
        <test-method is-config="true" signature="setDriver(org.testng.ITestContext)[pri:0, instance:com.diwakar15.selenium_docker.tests.flightreservation.FlightReservationTest@4f74980d]" started-at="2024-09-23T12:47:31 GMT" name="setDriver" finished-at="2024-09-23T12:48:35 GMT" duration-ms="64836" status="PASS">
          <params>
            <param index="0">
              <value>
                <![CDATA[org.testng.TestRunner@39ac0c0a]]>
              </value>
            </param>
          </params>
          <reporter-output>
          </reporter-output>
        </test-method> <!-- setDriver -->
        <test-method is-config="true" signature="setParameters(java.lang.String)[pri:0, instance:com.diwakar15.selenium_docker.tests.flightreservation.FlightReservationTest@4f74980d]" started-at="2024-09-23T12:48:36 GMT" name="setParameters" finished-at="2024-09-23T12:48:37 GMT" depends-on-methods="com.diwakar15.selenium_docker.tests.AbstractTest.setDriver" duration-ms="1421" status="PASS">
          <params>
            <param index="0">
              <value>
                <![CDATA[test-data/flight-reservation/passanger-2.json]]>
              </value>
            </param>
          </params>
          <reporter-output>
          </reporter-output>
        </test-method> <!-- setParameters -->
        <test-method signature="userRegistrationTest()[pri:0, instance:com.diwakar15.selenium_docker.tests.flightreservation.FlightReservationTest@4f74980d]" started-at="2024-09-23T12:48:37 GMT" name="userRegistrationTest" finished-at="2024-09-23T12:49:00 GMT" duration-ms="23230" status="PASS">
          <reporter-output>
          </reporter-output>
        </test-method> <!-- userRegistrationTest -->
        <test-method signature="registrationConfirmationTest()[pri:0, instance:com.diwakar15.selenium_docker.tests.flightreservation.FlightReservationTest@4f74980d]" started-at="2024-09-23T12:49:00 GMT" name="registrationConfirmationTest" finished-at="2024-09-23T12:49:03 GMT" depends-on-methods="com.diwakar15.selenium_docker.tests.flightreservation.FlightReservationTest.userRegistrationTest" duration-ms="2488" status="PASS">
          <reporter-output>
          </reporter-output>
        </test-method> <!-- registrationConfirmationTest -->
        <test-method signature="flightSearchTest()[pri:0, instance:com.diwakar15.selenium_docker.tests.flightreservation.FlightReservationTest@4f74980d]" started-at="2024-09-23T12:49:03 GMT" name="flightSearchTest" finished-at="2024-09-23T12:49:05 GMT" depends-on-methods="com.diwakar15.selenium_docker.tests.flightreservation.FlightReservationTest.registrationConfirmationTest" duration-ms="2015" status="PASS">
          <reporter-output>
          </reporter-output>
        </test-method> <!-- flightSearchTest -->
        <test-method signature="flightSelectionTest()[pri:0, instance:com.diwakar15.selenium_docker.tests.flightreservation.FlightReservationTest@4f74980d]" started-at="2024-09-23T12:49:05 GMT" name="flightSelectionTest" finished-at="2024-09-23T12:49:06 GMT" depends-on-methods="com.diwakar15.selenium_docker.tests.flightreservation.FlightReservationTest.flightSearchTest" duration-ms="1318" status="PASS">
          <reporter-output>
          </reporter-output>
        </test-method> <!-- flightSelectionTest -->
        <test-method signature="flightReservationConfirmationTest()[pri:0, instance:com.diwakar15.selenium_docker.tests.flightreservation.FlightReservationTest@4f74980d]" started-at="2024-09-23T12:49:06 GMT" name="flightReservationConfirmationTest" finished-at="2024-09-23T12:49:08 GMT" depends-on-methods="com.diwakar15.selenium_docker.tests.flightreservation.FlightReservationTest.flightSelectionTest" duration-ms="2034" status="PASS">
          <reporter-output>
          </reporter-output>
        </test-method> <!-- flightReservationConfirmationTest -->
        <test-method is-config="true" signature="quitDriver()[pri:0, instance:com.diwakar15.selenium_docker.tests.flightreservation.FlightReservationTest@4f74980d]" started-at="2024-09-23T12:49:08 GMT" name="quitDriver" finished-at="2024-09-23T12:49:14 GMT" duration-ms="5557" status="PASS">
          <reporter-output>
          </reporter-output>
        </test-method> <!-- quitDriver -->
      </class> <!-- com.diwakar15.selenium_docker.tests.flightreservation.FlightReservationTest -->
    </test> <!-- passangers-count-2 -->
    <test started-at="2024-09-23T12:47:31 GMT" name="passangers-count-1" finished-at="2024-09-23T12:49:14 GMT" duration-ms="103861">
      <class name="com.diwakar15.selenium_docker.tests.flightreservation.FlightReservationTest">
        <test-method is-config="true" signature="setDriver(org.testng.ITestContext)[pri:0, instance:com.diwakar15.selenium_docker.tests.flightreservation.FlightReservationTest@59e2d8e3]" started-at="2024-09-23T12:47:31 GMT" name="setDriver" finished-at="2024-09-23T12:48:35 GMT" duration-ms="64835" status="PASS">
          <params>
            <param index="0">
              <value>
                <![CDATA[org.testng.TestRunner@c7ba306]]>
              </value>
            </param>
          </params>
          <reporter-output>
          </reporter-output>
        </test-method> <!-- setDriver -->
        <test-method is-config="true" signature="setParameters(java.lang.String)[pri:0, instance:com.diwakar15.selenium_docker.tests.flightreservation.FlightReservationTest@59e2d8e3]" started-at="2024-09-23T12:48:36 GMT" name="setParameters" finished-at="2024-09-23T12:48:37 GMT" depends-on-methods="com.diwakar15.selenium_docker.tests.AbstractTest.setDriver" duration-ms="1421" status="PASS">
          <params>
            <param index="0">
              <value>
                <![CDATA[test-data/flight-reservation/passanger-1.json]]>
              </value>
            </param>
          </params>
          <reporter-output>
          </reporter-output>
        </test-method> <!-- setParameters -->
        <test-method signature="userRegistrationTest()[pri:0, instance:com.diwakar15.selenium_docker.tests.flightreservation.FlightReservationTest@59e2d8e3]" started-at="2024-09-23T12:48:37 GMT" name="userRegistrationTest" finished-at="2024-09-23T12:49:00 GMT" duration-ms="23072" status="PASS">
          <reporter-output>
          </reporter-output>
        </test-method> <!-- userRegistrationTest -->
        <test-method signature="registrationConfirmationTest()[pri:0, instance:com.diwakar15.selenium_docker.tests.flightreservation.FlightReservationTest@59e2d8e3]" started-at="2024-09-23T12:49:00 GMT" name="registrationConfirmationTest" finished-at="2024-09-23T12:49:02 GMT" depends-on-methods="com.diwakar15.selenium_docker.tests.flightreservation.FlightReservationTest.userRegistrationTest" duration-ms="1816" status="PASS">
          <reporter-output>
          </reporter-output>
        </test-method> <!-- registrationConfirmationTest -->
        <test-method signature="flightSearchTest()[pri:0, instance:com.diwakar15.selenium_docker.tests.flightreservation.FlightReservationTest@59e2d8e3]" started-at="2024-09-23T12:49:02 GMT" name="flightSearchTest" finished-at="2024-09-23T12:49:05 GMT" depends-on-methods="com.diwakar15.selenium_docker.tests.flightreservation.FlightReservationTest.registrationConfirmationTest" duration-ms="3240" status="PASS">
          <reporter-output>
          </reporter-output>
        </test-method> <!-- flightSearchTest -->
        <test-method signature="flightSelectionTest()[pri:0, instance:com.diwakar15.selenium_docker.tests.flightreservation.FlightReservationTest@59e2d8e3]" started-at="2024-09-23T12:49:05 GMT" name="flightSelectionTest" finished-at="2024-09-23T12:49:08 GMT" depends-on-methods="com.diwakar15.selenium_docker.tests.flightreservation.FlightReservationTest.flightSearchTest" duration-ms="3207" status="PASS">
          <reporter-output>
          </reporter-output>
        </test-method> <!-- flightSelectionTest -->
        <test-method signature="flightReservationConfirmationTest()[pri:0, instance:com.diwakar15.selenium_docker.tests.flightreservation.FlightReservationTest@59e2d8e3]" started-at="2024-09-23T12:49:08 GMT" name="flightReservationConfirmationTest" finished-at="2024-09-23T12:49:09 GMT" depends-on-methods="com.diwakar15.selenium_docker.tests.flightreservation.FlightReservationTest.flightSelectionTest" duration-ms="916" status="PASS">
          <reporter-output>
          </reporter-output>
        </test-method> <!-- flightReservationConfirmationTest -->
        <test-method is-config="true" signature="quitDriver()[pri:0, instance:com.diwakar15.selenium_docker.tests.flightreservation.FlightReservationTest@59e2d8e3]" started-at="2024-09-23T12:49:09 GMT" name="quitDriver" finished-at="2024-09-23T12:49:14 GMT" duration-ms="5063" status="PASS">
          <reporter-output>
          </reporter-output>
        </test-method> <!-- quitDriver -->
      </class> <!-- com.diwakar15.selenium_docker.tests.flightreservation.FlightReservationTest -->
    </test> <!-- passangers-count-1 -->
    <test started-at="2024-09-23T12:47:31 GMT" name="passangers-count-3" finished-at="2024-09-23T12:49:15 GMT" duration-ms="104089">
      <class name="com.diwakar15.selenium_docker.tests.flightreservation.FlightReservationTest">
        <test-method is-config="true" signature="setDriver(org.testng.ITestContext)[pri:0, instance:com.diwakar15.selenium_docker.tests.flightreservation.FlightReservationTest@58594a11]" started-at="2024-09-23T12:47:31 GMT" name="setDriver" finished-at="2024-09-23T12:48:35 GMT" duration-ms="64822" status="PASS">
          <params>
            <param index="0">
              <value>
                <![CDATA[org.testng.TestRunner@6d167f58]]>
              </value>
            </param>
          </params>
          <reporter-output>
          </reporter-output>
        </test-method> <!-- setDriver -->
        <test-method is-config="true" signature="setParameters(java.lang.String)[pri:0, instance:com.diwakar15.selenium_docker.tests.flightreservation.FlightReservationTest@58594a11]" started-at="2024-09-23T12:48:36 GMT" name="setParameters" finished-at="2024-09-23T12:48:37 GMT" depends-on-methods="com.diwakar15.selenium_docker.tests.AbstractTest.setDriver" duration-ms="1423" status="PASS">
          <params>
            <param index="0">
              <value>
                <![CDATA[test-data/flight-reservation/passanger-3.json]]>
              </value>
            </param>
          </params>
          <reporter-output>
          </reporter-output>
        </test-method> <!-- setParameters -->
        <test-method signature="userRegistrationTest()[pri:0, instance:com.diwakar15.selenium_docker.tests.flightreservation.FlightReservationTest@58594a11]" started-at="2024-09-23T12:48:37 GMT" name="userRegistrationTest" finished-at="2024-09-23T12:49:00 GMT" duration-ms="23140" status="PASS">
          <reporter-output>
          </reporter-output>
        </test-method> <!-- userRegistrationTest -->
        <test-method signature="registrationConfirmationTest()[pri:0, instance:com.diwakar15.selenium_docker.tests.flightreservation.FlightReservationTest@58594a11]" started-at="2024-09-23T12:49:00 GMT" name="registrationConfirmationTest" finished-at="2024-09-23T12:49:03 GMT" depends-on-methods="com.diwakar15.selenium_docker.tests.flightreservation.FlightReservationTest.userRegistrationTest" duration-ms="2439" status="PASS">
          <reporter-output>
          </reporter-output>
        </test-method> <!-- registrationConfirmationTest -->
        <test-method signature="flightSearchTest()[pri:0, instance:com.diwakar15.selenium_docker.tests.flightreservation.FlightReservationTest@58594a11]" started-at="2024-09-23T12:49:03 GMT" name="flightSearchTest" finished-at="2024-09-23T12:49:06 GMT" depends-on-methods="com.diwakar15.selenium_docker.tests.flightreservation.FlightReservationTest.registrationConfirmationTest" duration-ms="2978" status="PASS">
          <reporter-output>
          </reporter-output>
        </test-method> <!-- flightSearchTest -->
        <test-method signature="flightSelectionTest()[pri:0, instance:com.diwakar15.selenium_docker.tests.flightreservation.FlightReservationTest@58594a11]" started-at="2024-09-23T12:49:06 GMT" name="flightSelectionTest" finished-at="2024-09-23T12:49:09 GMT" depends-on-methods="com.diwakar15.selenium_docker.tests.flightreservation.FlightReservationTest.flightSearchTest" duration-ms="3317" status="PASS">
          <reporter-output>
          </reporter-output>
        </test-method> <!-- flightSelectionTest -->
        <test-method signature="flightReservationConfirmationTest()[pri:0, instance:com.diwakar15.selenium_docker.tests.flightreservation.FlightReservationTest@58594a11]" started-at="2024-09-23T12:49:09 GMT" name="flightReservationConfirmationTest" finished-at="2024-09-23T12:49:10 GMT" depends-on-methods="com.diwakar15.selenium_docker.tests.flightreservation.FlightReservationTest.flightSelectionTest" duration-ms="1017" status="PASS">
          <reporter-output>
          </reporter-output>
        </test-method> <!-- flightReservationConfirmationTest -->
        <test-method is-config="true" signature="quitDriver()[pri:0, instance:com.diwakar15.selenium_docker.tests.flightreservation.FlightReservationTest@58594a11]" started-at="2024-09-23T12:49:10 GMT" name="quitDriver" finished-at="2024-09-23T12:49:15 GMT" duration-ms="4680" status="PASS">
          <reporter-output>
          </reporter-output>
        </test-method> <!-- quitDriver -->
      </class> <!-- com.diwakar15.selenium_docker.tests.flightreservation.FlightReservationTest -->
    </test> <!-- passangers-count-3 -->
  </suite> <!-- flight-reservation -->
</testng-results>
