<?xml version="1.0" encoding="UTF-8"?>
<!-- Generated by org.testng.reporters.JUnitXMLReporter -->
<testsuite ignored="0" hostname="Alisha-PC" failures="0" tests="5" name="passangers-count-1" time="13.758" errors="0" timestamp="2024-07-26T16:31:57 AEST">
  <testcase classname="com.diwakar15.selenium_docker.tests.flightreservation.FlightReservationTest" name="userRegistrationTest" time="1.688"/>
  <testcase classname="com.diwakar15.selenium_docker.tests.flightreservation.FlightReservationTest" name="registrationConfirmationTest" time="2.295"/>
  <testcase classname="com.diwakar15.selenium_docker.tests.flightreservation.FlightReservationTest" name="flightSearchTest" time="2.246"/>
  <testcase classname="com.diwakar15.selenium_docker.tests.flightreservation.FlightReservationTest" name="flightSelectionTest" time="2.962"/>
  <testcase classname="com.diwakar15.selenium_docker.tests.flightreservation.FlightReservationTest" name="flightReservationConfirmationTest" time="2.239"/>
</testsuite> <!-- passangers-count-1 -->
