<?xml version="1.0" encoding="UTF-8"?>
<!-- Generated by org.testng.reporters.JUnitXMLReporter -->
<testsuite ignored="0" hostname="Alisha-PC" failures="0" tests="5" name="passangers-count-3" time="10.318" errors="0" timestamp="2024-07-26T19:23:11 AEST">
  <testcase classname="com.diwakar15.selenium_docker.tests.flightreservation.FlightReservationTest" name="userRegistrationTest" time="1.669"/>
  <testcase classname="com.diwakar15.selenium_docker.tests.flightreservation.FlightReservationTest" name="registrationConfirmationTest" time="1.72"/>
  <testcase classname="com.diwakar15.selenium_docker.tests.flightreservation.FlightReservationTest" name="flightSearchTest" time="1.668"/>
  <testcase classname="com.diwakar15.selenium_docker.tests.flightreservation.FlightReservationTest" name="flightSelectionTest" time="2.129"/>
  <testcase classname="com.diwakar15.selenium_docker.tests.flightreservation.FlightReservationTest" name="flightReservationConfirmationTest" time="1.723"/>
</testsuite> <!-- passangers-count-3 -->
